
bb_init()
    conn:
    proto_major = 7
    proto_minor = 26
    async_read = 1
    max_write = 131072
    max_readahead = 131072
    capable = 00000ffb
    want = 00000010
    max_background = 0
    congestion_threshold = 0
    context:
    fuse = 01672530
    uid = 0
    gid = 0
    pid = 0
    private_data = 01671010
    logfile = 01672040
    rootdir = /home/aadarsh/fuse/nmsu/fuse-tutorial-2017-10-03/example/rootdir
    umask = 00000

bb_getattr(path="/.xdg-volume-info", statbuf=0x0e463c90)
    bb_fullpath:  rootdir = "/home/aadarsh/fuse/nmsu/fuse-tutorial-2017-10-03/example/rootdir", path = "/.xdg-volume-info", fpath = "/home/aadarsh/fuse/nmsu/fuse-tutorial-2017-10-03/example/rootdir/.xdg-volume-info"
    lstat returned -1
    ERROR lstat: No such file or directory
    si:
    st_dev = 0
    st_ino = 0
    st_mode = 00
    st_nlink = 0
    st_uid = 0
    st_gid = 0
    st_rdev = 0
    st_size = 0
    st_blksize = 0
    st_blocks = 0
    st_atime = 0x00000000
    st_mtime = 0x00000000
    st_ctime = 0x00000000

bb_getattr(path="/autorun.inf", statbuf=0x0e463c90)
    bb_fullpath:  rootdir = "/home/aadarsh/fuse/nmsu/fuse-tutorial-2017-10-03/example/rootdir", path = "/autorun.inf", fpath = "/home/aadarsh/fuse/nmsu/fuse-tutorial-2017-10-03/example/rootdir/autorun.inf"
    lstat returned -1
    ERROR lstat: No such file or directory
    si:
    st_dev = 0
    st_ino = 0
    st_mode = 00
    st_nlink = 0
    st_uid = 0
    st_gid = 0
    st_rdev = 0
    st_size = 0
    st_blksize = 0
    st_blocks = 0
    st_atime = 0x00000000
    st_mtime = 0x00000000
    st_ctime = 0x00000000

bb_access(path="/", mask=04)
    bb_fullpath:  rootdir = "/home/aadarsh/fuse/nmsu/fuse-tutorial-2017-10-03/example/rootdir", path = "/", fpath = "/home/aadarsh/fuse/nmsu/fuse-tutorial-2017-10-03/example/rootdir/"

bb_getattr(path="/.Trash", statbuf=0x0e463c90)
    bb_fullpath:  rootdir = "/home/aadarsh/fuse/nmsu/fuse-tutorial-2017-10-03/example/rootdir", path = "/.Trash", fpath = "/home/aadarsh/fuse/nmsu/fuse-tutorial-2017-10-03/example/rootdir/.Trash"
    lstat returned -1
    ERROR lstat: No such file or directory
    si:
    st_dev = 0
    st_ino = 0
    st_mode = 00
    st_nlink = 0
    st_uid = 0
    st_gid = 0
    st_rdev = 0
    st_size = 0
    st_blksize = 0
    st_blocks = 0
    st_atime = 0x00000000
    st_mtime = 0x00000000
    st_ctime = 0x00000000

bb_getattr(path="/.Trash-1000", statbuf=0x0e463c90)
    bb_fullpath:  rootdir = "/home/aadarsh/fuse/nmsu/fuse-tutorial-2017-10-03/example/rootdir", path = "/.Trash-1000", fpath = "/home/aadarsh/fuse/nmsu/fuse-tutorial-2017-10-03/example/rootdir/.Trash-1000"
    lstat returned -1
    ERROR lstat: No such file or directory
    si:
    st_dev = 0
    st_ino = 0
    st_mode = 00
    st_nlink = 0
    st_uid = 0
    st_gid = 0
    st_rdev = 0
    st_size = 0
    st_blksize = 0
    st_blocks = 0
    st_atime = 0x00000000
    st_mtime = 0x00000000
    st_ctime = 0x00000000

bb_opendir(path="/", fi=0x0dc62c80)
    bb_fullpath:  rootdir = "/home/aadarsh/fuse/nmsu/fuse-tutorial-2017-10-03/example/rootdir", path = "/", fpath = "/home/aadarsh/fuse/nmsu/fuse-tutorial-2017-10-03/example/rootdir/"
    opendir returned 0x0x7f0700000c80
    fi:
    flags = 0x00018800
    fh_old = 0x00000000
    writepage = 0
    direct_io = 0
    keep_cache = 0
    fh = 0x00007f0700000c80
    lock_owner = 0x0000000000000000

bb_getattr(path="/", statbuf=0x0dc62c60)
    bb_fullpath:  rootdir = "/home/aadarsh/fuse/nmsu/fuse-tutorial-2017-10-03/example/rootdir", path = "/", fpath = "/home/aadarsh/fuse/nmsu/fuse-tutorial-2017-10-03/example/rootdir/"
    lstat returned 0
    si:
    st_dev = 2050
    st_ino = 24691312
    st_mode = 040775
    st_nlink = 2
    st_uid = 1000
    st_gid = 1000
    st_rdev = 0
    st_size = 4096
    st_blksize = 4096
    st_blocks = 8
    st_atime = 0x5a6f0bd2
    st_mtime = 0x5a6f0b99
    st_ctime = 0x5a6f0b99

bb_readdir(path="/", buf=0x00000af0, filler=0x0ec57ce0, offset=0, fi=0x0dc62c80)
    readdir returned 0x0x7f0700000cb0
calling filler with name ..
calling filler with name bogus.txt
calling filler with name .
    fi:
    flags = 0x00000000
    fh_old = 0x7f0700000c80
    writepage = 0
    direct_io = 0
    keep_cache = 0
    fh = 0x00007f0700000c80
    lock_owner = 0x0000000000000000

bb_getattr(path="/bogus.txt", statbuf=0x0dc62c90)
    bb_fullpath:  rootdir = "/home/aadarsh/fuse/nmsu/fuse-tutorial-2017-10-03/example/rootdir", path = "/bogus.txt", fpath = "/home/aadarsh/fuse/nmsu/fuse-tutorial-2017-10-03/example/rootdir/bogus.txt"
    lstat returned 0
    si:
    st_dev = 2050
    st_ino = 24691313
    st_mode = 0100664
    st_nlink = 1
    st_uid = 1000
    st_gid = 1000
    st_rdev = 0
    st_size = 11
    st_blksize = 4096
    st_blocks = 8
    st_atime = 0x5a6f0bd5
    st_mtime = 0x5a6f0b99
    st_ctime = 0x5a6f0b99

bb_releasedir(path="/", fi=0x0e463c90)
    fi:
    flags = 0x00000000

bb_opendir(path="/", fi=0x0dc62c80)
    bb_fullpath:  rootdir = "/home/aadarsh/fuse/nmsu/fuse-tutorial-2017-10-03/example/rootdir", path = "/", fpath = "/home/aadarsh/fuse/nmsu/fuse-tutorial-2017-10-03/example/rootdir/"
    opendir returned 0x0x7f07000091e0
    fi:
    flags = 0x00018800
    fh_old = 0x00000000
    writepage = 0
    direct_io = 0
    keep_cache = 0
    fh = 0x00007f07000091e0
    lock_owner = 0x0000000000000000
    fh_old = 0x7f0700000c80
    writepage = 0
    direct_io = 0
    keep_cache = 0
    fh = 0x00007f0700000c80
    lock_owner = 0x0000000000000000

bb_getattr(path="/", statbuf=0x0d461c60)
    bb_fullpath:  rootdir = "/home/aadarsh/fuse/nmsu/fuse-tutorial-2017-10-03/example/rootdir", path = "/", fpath = "/home/aadarsh/fuse/nmsu/fuse-tutorial-2017-10-03/example/rootdir/"
    lstat returned 0
    si:
    st_dev = 2050
    st_ino = 24691312
    st_mode = 040775
    st_nlink = 2
    st_uid = 1000
    st_gid = 1000
    st_rdev = 0
    st_size = 4096
    st_blksize = 4096
    st_blocks = 8
    st_atime = 0x5a6f0bd2
    st_mtime = 0x5a6f0b99
    st_ctime = 0x5a6f0b99

bb_readdir(path="/", buf=0x00000b70, filler=0x0ec57ce0, offset=0, fi=0x0dc62c80)
    readdir returned 0x0x7f0700009210
calling filler with name ..
calling filler with name bogus.txt
calling filler with name .
    fi:
    flags = 0x00000000
    fh_old = 0x7f07000091e0
    writepage = 0
    direct_io = 0
    keep_cache = 0
    fh = 0x00007f07000091e0
    lock_owner = 0x0000000000000000

bb_releasedir(path="/", fi=0x0dc62c90)
    fi:
    flags = 0x00000000
    fh_old = 0x7f07000091e0
    writepage = 0
    direct_io = 0
    keep_cache = 0
    fh = 0x00007f07000091e0
    lock_owner = 0x0000000000000000

bb_opendir(path="/", fi=0x0dc62c80)
    bb_fullpath:  rootdir = "/home/aadarsh/fuse/nmsu/fuse-tutorial-2017-10-03/example/rootdir", path = "/", fpath = "/home/aadarsh/fuse/nmsu/fuse-tutorial-2017-10-03/example/rootdir/"
    opendir returned 0x0x7f0700000d00
    fi:
    flags = 0x00018800
    fh_old = 0x00000000
    writepage = 0
    direct_io = 0
    keep_cache = 0
    fh = 0x00007f0700000d00
    lock_owner = 0x0000000000000000

bb_getattr(path="/", statbuf=0x0d461c60)
    bb_fullpath:  rootdir = "/home/aadarsh/fuse/nmsu/fuse-tutorial-2017-10-03/example/rootdir", path = "/", fpath = "/home/aadarsh/fuse/nmsu/fuse-tutorial-2017-10-03/example/rootdir/"
    lstat returned 0
    si:
    st_dev = 2050
    st_ino = 24691312
    st_mode = 040775
    st_nlink = 2
    st_uid = 1000
    st_gid = 1000
    st_rdev = 0
    st_size = 4096
    st_blksize = 4096
    st_blocks = 8
    st_atime = 0x5a6f0bd2
    st_mtime = 0x5a6f0b99
    st_ctime = 0x5a6f0b99

bb_readdir(path="/", buf=0x00000b70, filler=0x0ec57ce0, offset=0, fi=0x0e463c80)
    readdir returned 0x0x7f0700000d30
calling filler with name ..
calling filler with name bogus.txt
calling filler with name .
    fi:
    flags = 0x00000000
    fh_old = 0x7f0700000d00
    writepage = 0
    direct_io = 0
    keep_cache = 0
    fh = 0x00007f0700000d00
    lock_owner = 0x0000000000000000

bb_releasedir(path="/", fi=0x0e463c90)
    fi:
    flags = 0x00000000
    fh_old = 0x7f0700000d00
    writepage = 0
    direct_io = 0
    keep_cache = 0
    fh = 0x00007f0700000d00
    lock_owner = 0x0000000000000000

bb_opendir(path="/", fi=0x0dc62c80)
    bb_fullpath:  rootdir = "/home/aadarsh/fuse/nmsu/fuse-tutorial-2017-10-03/example/rootdir", path = "/", fpath = "/home/aadarsh/fuse/nmsu/fuse-tutorial-2017-10-03/example/rootdir/"
    opendir returned 0x0x7f0700000d00
    fi:
    flags = 0x00018800
    fh_old = 0x00000000
    writepage = 0
    direct_io = 0
    keep_cache = 0
    fh = 0x00007f0700000d00
    lock_owner = 0x0000000000000000

bb_getattr(path="/", statbuf=0x0d461c60)
    bb_fullpath:  rootdir = "/home/aadarsh/fuse/nmsu/fuse-tutorial-2017-10-03/example/rootdir", path = "/", fpath = "/home/aadarsh/fuse/nmsu/fuse-tutorial-2017-10-03/example/rootdir/"
    lstat returned 0
    si:
    st_dev = 2050
    st_ino = 24691312
    st_mode = 040775
    st_nlink = 2
    st_uid = 1000
    st_gid = 1000
    st_rdev = 0
    st_size = 4096
    st_blksize = 4096
    st_blocks = 8
    st_atime = 0x5a6f0bd2
    st_mtime = 0x5a6f0b99
    st_ctime = 0x5a6f0b99

bb_readdir(path="/", buf=0x00000af0, filler=0x0ec57ce0, offset=0, fi=0x0e463c80)
    readdir returned 0x0x7f0700000d30
calling filler with name ..
calling filler with name bogus.txt
calling filler with name .
    fi:
    flags = 0x00000000
    fh_old = 0x7f0700000d00
    writepage = 0
    direct_io = 0
    keep_cache = 0
    fh = 0x00007f0700000d00
    lock_owner = 0x0000000000000000

bb_releasedir(path="/", fi=0x0e463c90)
    fi:
    flags = 0x00000000
    fh_old = 0x7f0700000d00
    writepage = 0
    direct_io = 0
    keep_cache = 0
    fh = 0x00007f0700000d00
    lock_owner = 0x0000000000000000

bb_opendir(path="/", fi=0x0dc62c80)
    bb_fullpath:  rootdir = "/home/aadarsh/fuse/nmsu/fuse-tutorial-2017-10-03/example/rootdir", path = "/", fpath = "/home/aadarsh/fuse/nmsu/fuse-tutorial-2017-10-03/example/rootdir/"
    opendir returned 0x0x7f0700000d00
    fi:
    flags = 0x00018800
    fh_old = 0x00000000
    writepage = 0
    direct_io = 0
    keep_cache = 0
    fh = 0x00007f0700000d00
    lock_owner = 0x0000000000000000

bb_getattr(path="/", statbuf=0x0d461c60)
    bb_fullpath:  rootdir = "/home/aadarsh/fuse/nmsu/fuse-tutorial-2017-10-03/example/rootdir", path = "/", fpath = "/home/aadarsh/fuse/nmsu/fuse-tutorial-2017-10-03/example/rootdir/"
    lstat returned 0
    si:
    st_dev = 2050
    st_ino = 24691312
    st_mode = 040775
    st_nlink = 2
    st_uid = 1000
    st_gid = 1000
    st_rdev = 0
    st_size = 4096
    st_blksize = 4096
    st_blocks = 8
    st_atime = 0x5a6f0bd2
    st_mtime = 0x5a6f0b99
    st_ctime = 0x5a6f0b99

bb_readdir(path="/", buf=0x00000b70, filler=0x0ec57ce0, offset=0, fi=0x0e463c80)
    readdir returned 0x0x7f0700000d30
calling filler with name ..
calling filler with name bogus.txt
calling filler with name .
    fi:
    flags = 0x00000000
    fh_old = 0x7f0700000d00
    writepage = 0
    direct_io = 0
    keep_cache = 0
    fh = 0x00007f0700000d00
    lock_owner = 0x0000000000000000

bb_releasedir(path="/", fi=0x0e463c90)
    fi:
    flags = 0x00000000
    fh_old = 0x7f0700000d00
    writepage = 0
    direct_io = 0

bb_opendir(path="/", fi=0x0dc62c80)
    bb_fullpath:  rootdir = "/home/aadarsh/fuse/nmsu/fuse-tutorial-2017-10-03/example/rootdir", path = "/", fpath = "/home/aadarsh/fuse/nmsu/fuse-tutorial-2017-10-03/example/rootdir/"
    keep_cache = 0
    fh = 0x00007f0700000d00
    opendir returned 0x0x7f0700008d40
    fi:
    lock_owner = 0x0000000000000000
    flags = 0x00018800
    fh_old = 0x00000000
    writepage = 0
    direct_io = 0
    keep_cache = 0
    fh = 0x00007f0700008d40
    lock_owner = 0x0000000000000000

bb_getattr(path="/", statbuf=0x0d461c60)
    bb_fullpath:  rootdir = "/home/aadarsh/fuse/nmsu/fuse-tutorial-2017-10-03/example/rootdir", path = "/", fpath = "/home/aadarsh/fuse/nmsu/fuse-tutorial-2017-10-03/example/rootdir/"
    lstat returned 0
    si:
    st_dev = 2050
    st_ino = 24691312
    st_mode = 040775
    st_nlink = 2
    st_uid = 1000
    st_gid = 1000
    st_rdev = 0
    st_size = 4096
    st_blksize = 4096
    st_blocks = 8
    st_atime = 0x5a6f0bd2
    st_mtime = 0x5a6f0b99
    st_ctime = 0x5a6f0b99

bb_readdir(path="/", buf=0x00000af0, filler=0x0ec57ce0, offset=0, fi=0x0e463c80)
    readdir returned 0x0x7f0700008d70
calling filler with name ..
calling filler with name bogus.txt
calling filler with name .
    fi:
    flags = 0x00000000
    fh_old = 0x7f0700008d40
    writepage = 0
    direct_io = 0
    keep_cache = 0
    fh = 0x00007f0700008d40
    lock_owner = 0x0000000000000000

bb_releasedir(path="/", fi=0x0e463c90)
    fi:
    flags = 0x00000000
    fh_old = 0x7f0700008d40
    writepage = 0
    direct_io = 0

bb_opendir(path="/", fi=0x0dc62c80)
    bb_fullpath:  rootdir = "/home/aadarsh/fuse/nmsu/fuse-tutorial-2017-10-03/example/rootdir", path = "/", fpath = "/home/aadarsh/fuse/nmsu/fuse-tutorial-2017-10-03/example/rootdir/"
    keep_cache = 0
    fh = 0x00007f0700008d40
    lock_owner = 0x0000000000000000
    opendir returned 0x0x7f0700000d00
    fi:
    flags = 0x00018800
    fh_old = 0x00000000
    writepage = 0
    direct_io = 0
    keep_cache = 0
    fh = 0x00007f0700000d00
    lock_owner = 0x0000000000000000

bb_getattr(path="/", statbuf=0x0d461c60)
    bb_fullpath:  rootdir = "/home/aadarsh/fuse/nmsu/fuse-tutorial-2017-10-03/example/rootdir", path = "/", fpath = "/home/aadarsh/fuse/nmsu/fuse-tutorial-2017-10-03/example/rootdir/"
    lstat returned 0
    si:
    st_dev = 2050
    st_ino = 24691312
    st_mode = 040775
    st_nlink = 2
    st_uid = 1000
    st_gid = 1000
    st_rdev = 0
    st_size = 4096
    st_blksize = 4096
    st_blocks = 8
    st_atime = 0x5a6f0bd2
    st_mtime = 0x5a6f0b99
    st_ctime = 0x5a6f0b99

bb_readdir(path="/", buf=0x00000b70, filler=0x0ec57ce0, offset=0, fi=0x0e463c80)
    readdir returned 0x0x7f0700000d30
calling filler with name ..
calling filler with name bogus.txt
calling filler with name .
    fi:
    flags = 0x00000000
    fh_old = 0x7f0700000d00
    writepage = 0
    direct_io = 0
    keep_cache = 0
    fh = 0x00007f0700000d00
    lock_owner = 0x0000000000000000

bb_releasedir(path="/", fi=0x0e463c90)
    fi:
    flags = 0x00000000
    fh_old = 0x7f0700000d00
    writepage = 0
    direct_io = 0
    keep_cache = 0
    fh = 0x00007f0700000d00
    lock_owner = 0x0000000000000000

bb_opendir(path="/", fi=0x0dc62c80)
    bb_fullpath:  rootdir = "/home/aadarsh/fuse/nmsu/fuse-tutorial-2017-10-03/example/rootdir", path = "/", fpath = "/home/aadarsh/fuse/nmsu/fuse-tutorial-2017-10-03/example/rootdir/"
    opendir returned 0x0x7f0700000d00
    fi:
    flags = 0x00018800
    fh_old = 0x00000000
    writepage = 0
    direct_io = 0
    keep_cache = 0
    fh = 0x00007f0700000d00
    lock_owner = 0x0000000000000000

bb_getattr(path="/", statbuf=0x0d461c60)
    bb_fullpath:  rootdir = "/home/aadarsh/fuse/nmsu/fuse-tutorial-2017-10-03/example/rootdir", path = "/", fpath = "/home/aadarsh/fuse/nmsu/fuse-tutorial-2017-10-03/example/rootdir/"
    lstat returned 0
    si:
    st_dev = 2050
    st_ino = 24691312
    st_mode = 040775
    st_nlink = 2
    st_uid = 1000
    st_gid = 1000
    st_rdev = 0
    st_size = 4096
    st_blksize = 4096
    st_blocks = 8
    st_atime = 0x5a6f0bd2
    st_mtime = 0x5a6f0b99
    st_ctime = 0x5a6f0b99

bb_readdir(path="/", buf=0x00000af0, filler=0x0ec57ce0, offset=0, fi=0x0e463c80)
    readdir returned 0x0x7f0700000d30
calling filler with name ..
calling filler with name bogus.txt
calling filler with name .
    fi:
    flags = 0x00000000
    fh_old = 0x7f0700000d00
    writepage = 0
    direct_io = 0
    keep_cache = 0
    fh = 0x00007f0700000d00
    lock_owner = 0x0000000000000000

bb_releasedir(path="/", fi=0x0e463c90)
    fi:
    flags = 0x00000000
    fh_old = 0x7f0700000d00
    writepage = 0
    direct_io = 0

bb_opendir(path="/", fi=0x0dc62c80)
    bb_fullpath:  rootdir = "/home/aadarsh/fuse/nmsu/fuse-tutorial-2017-10-03/example/rootdir", path = "/", fpath = "/home/aadarsh/fuse/nmsu/fuse-tutorial-2017-10-03/example/rootdir/"
    keep_cache = 0
    fh = 0x00007f0700000d00
    lock_owner = 0x0000000000000000
    opendir returned 0x0x7f0700008d40
    fi:
    flags = 0x00018800
    fh_old = 0x00000000
    writepage = 0
    direct_io = 0
    keep_cache = 0
    fh = 0x00007f0700008d40
    lock_owner = 0x0000000000000000

bb_getattr(path="/", statbuf=0x0d461c60)
    bb_fullpath:  rootdir = "/home/aadarsh/fuse/nmsu/fuse-tutorial-2017-10-03/example/rootdir", path = "/", fpath = "/home/aadarsh/fuse/nmsu/fuse-tutorial-2017-10-03/example/rootdir/"
    lstat returned 0
    si:
    st_dev = 2050
    st_ino = 24691312
    st_mode = 040775
    st_nlink = 2
    st_uid = 1000
    st_gid = 1000
    st_rdev = 0
    st_size = 4096
    st_blksize = 4096
    st_blocks = 8
    st_atime = 0x5a6f0bd2
    st_mtime = 0x5a6f0b99
    st_ctime = 0x5a6f0b99

bb_readdir(path="/", buf=0x00000b70, filler=0x0ec57ce0, offset=0, fi=0x0e463c80)
    readdir returned 0x0x7f0700008d70
calling filler with name ..
calling filler with name bogus.txt
calling filler with name .
    fi:
    flags = 0x00000000
    fh_old = 0x7f0700008d40
    writepage = 0
    direct_io = 0
    keep_cache = 0
    fh = 0x00007f0700008d40
    lock_owner = 0x0000000000000000

bb_releasedir(path="/", fi=0x0e463c90)
    fi:
    flags = 0x00000000
    fh_old = 0x7f0700008d40
    writepage = 0
    direct_io = 0

bb_opendir(path="/", fi=0x0dc62c80)
    bb_fullpath:  rootdir = "/home/aadarsh/fuse/nmsu/fuse-tutorial-2017-10-03/example/rootdir", path = "/", fpath = "/home/aadarsh/fuse/nmsu/fuse-tutorial-2017-10-03/example/rootdir/"
    keep_cache = 0
    fh = 0x00007f0700008d40
    opendir returned 0x0x7f0700000d00
    fi:
    lock_owner = 0x0000000000000000
    flags = 0x00018800
    fh_old = 0x00000000
    writepage = 0
    direct_io = 0
    keep_cache = 0
    fh = 0x00007f0700000d00
    lock_owner = 0x0000000000000000

bb_getattr(path="/", statbuf=0x0d461c60)
    bb_fullpath:  rootdir = "/home/aadarsh/fuse/nmsu/fuse-tutorial-2017-10-03/example/rootdir", path = "/", fpath = "/home/aadarsh/fuse/nmsu/fuse-tutorial-2017-10-03/example/rootdir/"
    lstat returned 0
    si:
    st_dev = 2050
    st_ino = 24691312
    st_mode = 040775
    st_nlink = 2
    st_uid = 1000
    st_gid = 1000
    st_rdev = 0
    st_size = 4096
    st_blksize = 4096
    st_blocks = 8
    st_atime = 0x5a6f0bd2
    st_mtime = 0x5a6f0b99
    st_ctime = 0x5a6f0b99

bb_readdir(path="/", buf=0x00000af0, filler=0x0ec57ce0, offset=0, fi=0x0e463c80)
    readdir returned 0x0x7f0700000d30
calling filler with name ..
calling filler with name bogus.txt
calling filler with name .
    fi:
    flags = 0x00000000
    fh_old = 0x7f0700000d00
    writepage = 0
    direct_io = 0
    keep_cache = 0
    fh = 0x00007f0700000d00
    lock_owner = 0x0000000000000000

bb_releasedir(path="/", fi=0x0e463c90)
    fi:
    flags = 0x00000000
    fh_old = 0x7f0700000d00
    writepage = 0
    direct_io = 0
    keep_cache = 0
    fh = 0x00007f0700000d00
    lock_owner = 0x0000000000000000

bb_opendir(path="/", fi=0x0dc62c80)
    bb_fullpath:  rootdir = "/home/aadarsh/fuse/nmsu/fuse-tutorial-2017-10-03/example/rootdir", path = "/", fpath = "/home/aadarsh/fuse/nmsu/fuse-tutorial-2017-10-03/example/rootdir/"
    opendir returned 0x0x7f0700000d00
    fi:
    flags = 0x00018800
    fh_old = 0x00000000
    writepage = 0
    direct_io = 0
    keep_cache = 0
    fh = 0x00007f0700000d00
    lock_owner = 0x0000000000000000

bb_getattr(path="/", statbuf=0x0d461c60)
    bb_fullpath:  rootdir = "/home/aadarsh/fuse/nmsu/fuse-tutorial-2017-10-03/example/rootdir", path = "/", fpath = "/home/aadarsh/fuse/nmsu/fuse-tutorial-2017-10-03/example/rootdir/"
    lstat returned 0
    si:
    st_dev = 2050
    st_ino = 24691312
    st_mode = 040775
    st_nlink = 2
    st_uid = 1000
    st_gid = 1000
    st_rdev = 0
    st_size = 4096
    st_blksize = 4096
    st_blocks = 8
    st_atime = 0x5a6f0bd2
    st_mtime = 0x5a6f0b99
    st_ctime = 0x5a6f0b99

bb_readdir(path="/", buf=0x00000b70, filler=0x0ec57ce0, offset=0, fi=0x0e463c80)
    readdir returned 0x0x7f0700000d30
calling filler with name ..
calling filler with name bogus.txt
calling filler with name .
    fi:
    flags = 0x00000000
    fh_old = 0x7f0700000d00
    writepage = 0
    direct_io = 0
    keep_cache = 0
    fh = 0x00007f0700000d00
    lock_owner = 0x0000000000000000

bb_releasedir(path="/", fi=0x0e463c90)
    fi:
    flags = 0x00000000
    fh_old = 0x7f0700000d00
    writepage = 0
    direct_io = 0
    keep_cache = 0

bb_opendir(path="/", fi=0x0dc62c80)
    bb_fullpath:  rootdir = "/home/aadarsh/fuse/nmsu/fuse-tutorial-2017-10-03/example/rootdir", path = "/", fpath = "/home/aadarsh/fuse/nmsu/fuse-tutorial-2017-10-03/example/rootdir/"
    fh = 0x00007f0700000d00
    opendir returned 0x0x7f0700008d40
    fi:
    lock_owner = 0x0000000000000000
    flags = 0x00018800
    fh_old = 0x00000000
    writepage = 0
    direct_io = 0
    keep_cache = 0
    fh = 0x00007f0700008d40
    lock_owner = 0x0000000000000000

bb_getattr(path="/", statbuf=0x0d461c60)
    bb_fullpath:  rootdir = "/home/aadarsh/fuse/nmsu/fuse-tutorial-2017-10-03/example/rootdir", path = "/", fpath = "/home/aadarsh/fuse/nmsu/fuse-tutorial-2017-10-03/example/rootdir/"
    lstat returned 0
    si:
    st_dev = 2050
    st_ino = 24691312
    st_mode = 040775
    st_nlink = 2
    st_uid = 1000
    st_gid = 1000
    st_rdev = 0
    st_size = 4096
    st_blksize = 4096
    st_blocks = 8
    st_atime = 0x5a6f0bd2
    st_mtime = 0x5a6f0b99
    st_ctime = 0x5a6f0b99

bb_readdir(path="/", buf=0x00000af0, filler=0x0ec57ce0, offset=0, fi=0x0e463c80)
    readdir returned 0x0x7f0700008d70
calling filler with name ..
calling filler with name bogus.txt
calling filler with name .
    fi:
    flags = 0x00000000
    fh_old = 0x7f0700008d40
    writepage = 0
    direct_io = 0
    keep_cache = 0
    fh = 0x00007f0700008d40
    lock_owner = 0x0000000000000000

bb_releasedir(path="/", fi=0x0e463c90)
    fi:
    flags = 0x00000000
    fh_old = 0x7f0700008d40
    writepage = 0
    direct_io = 0

bb_opendir(path="/", fi=0x0dc62c80)
    bb_fullpath:  rootdir = "/home/aadarsh/fuse/nmsu/fuse-tutorial-2017-10-03/example/rootdir", path = "/", fpath = "/home/aadarsh/fuse/nmsu/fuse-tutorial-2017-10-03/example/rootdir/"
    keep_cache = 0
    fh = 0x00007f0700008d40
    lock_owner = 0x0000000000000000
    opendir returned 0x0x7f0700000d00
    fi:
    flags = 0x00018800
    fh_old = 0x00000000
    writepage = 0
    direct_io = 0
    keep_cache = 0
    fh = 0x00007f0700000d00
    lock_owner = 0x0000000000000000

bb_getattr(path="/", statbuf=0x0d461c60)
    bb_fullpath:  rootdir = "/home/aadarsh/fuse/nmsu/fuse-tutorial-2017-10-03/example/rootdir", path = "/", fpath = "/home/aadarsh/fuse/nmsu/fuse-tutorial-2017-10-03/example/rootdir/"
    lstat returned 0
    si:
    st_dev = 2050
    st_ino = 24691312
    st_mode = 040775
    st_nlink = 2
    st_uid = 1000
    st_gid = 1000
    st_rdev = 0
    st_size = 4096
    st_blksize = 4096
    st_blocks = 8
    st_atime = 0x5a6f0bd2
    st_mtime = 0x5a6f0b99
    st_ctime = 0x5a6f0b99

bb_readdir(path="/", buf=0x00000b70, filler=0x0ec57ce0, offset=0, fi=0x0e463c80)
    readdir returned 0x0x7f0700000d30
calling filler with name ..
calling filler with name bogus.txt
calling filler with name .
    fi:
    flags = 0x00000000
    fh_old = 0x7f0700000d00
    writepage = 0
    direct_io = 0
    keep_cache = 0
    fh = 0x00007f0700000d00
    lock_owner = 0x0000000000000000

bb_releasedir(path="/", fi=0x0e463c90)
    fi:
    flags = 0x00000000
    fh_old = 0x7f0700000d00
    writepage = 0

bb_opendir(path="/", fi=0x0dc62c80)
    bb_fullpath:  rootdir = "/home/aadarsh/fuse/nmsu/fuse-tutorial-2017-10-03/example/rootdir", path = "/", fpath = "/home/aadarsh/fuse/nmsu/fuse-tutorial-2017-10-03/example/rootdir/"
    direct_io = 0
    keep_cache = 0
    fh = 0x00007f0700000d00
    opendir returned 0x0x7f0700008d40
    fi:
    lock_owner = 0x0000000000000000
    flags = 0x00018800
    fh_old = 0x00000000
    writepage = 0
    direct_io = 0
    keep_cache = 0
    fh = 0x00007f0700008d40
    lock_owner = 0x0000000000000000

bb_getattr(path="/", statbuf=0x0d461c60)
    bb_fullpath:  rootdir = "/home/aadarsh/fuse/nmsu/fuse-tutorial-2017-10-03/example/rootdir", path = "/", fpath = "/home/aadarsh/fuse/nmsu/fuse-tutorial-2017-10-03/example/rootdir/"
    lstat returned 0
    si:
    st_dev = 2050
    st_ino = 24691312
    st_mode = 040775
    st_nlink = 2
    st_uid = 1000
    st_gid = 1000
    st_rdev = 0
    st_size = 4096
    st_blksize = 4096
    st_blocks = 8
    st_atime = 0x5a6f0bd2
    st_mtime = 0x5a6f0b99
    st_ctime = 0x5a6f0b99

bb_readdir(path="/", buf=0x00000af0, filler=0x0ec57ce0, offset=0, fi=0x0e463c80)
    readdir returned 0x0x7f0700008d70
calling filler with name ..
calling filler with name bogus.txt
calling filler with name .
    fi:
    flags = 0x00000000
    fh_old = 0x7f0700008d40
    writepage = 0
    direct_io = 0
    keep_cache = 0
    fh = 0x00007f0700008d40
    lock_owner = 0x0000000000000000

bb_releasedir(path="/", fi=0x0e463c90)
    fi:
    flags = 0x00000000
    fh_old = 0x7f0700008d40
    writepage = 0
    direct_io = 0
    keep_cache = 0
    fh = 0x00007f0700008d40

bb_opendir(path="/", fi=0x0dc62c80)
    bb_fullpath:  rootdir = "/home/aadarsh/fuse/nmsu/fuse-tutorial-2017-10-03/example/rootdir", path = "/", fpath = "/home/aadarsh/fuse/nmsu/fuse-tutorial-2017-10-03/example/rootdir/"
    lock_owner = 0x0000000000000000
    opendir returned 0x0x7f0700000d00
    fi:
    flags = 0x00018800
    fh_old = 0x00000000
    writepage = 0
    direct_io = 0
    keep_cache = 0
    fh = 0x00007f0700000d00
    lock_owner = 0x0000000000000000

bb_getattr(path="/", statbuf=0x0d461c60)
    bb_fullpath:  rootdir = "/home/aadarsh/fuse/nmsu/fuse-tutorial-2017-10-03/example/rootdir", path = "/", fpath = "/home/aadarsh/fuse/nmsu/fuse-tutorial-2017-10-03/example/rootdir/"
    lstat returned 0
    si:
    st_dev = 2050
    st_ino = 24691312
    st_mode = 040775
    st_nlink = 2
    st_uid = 1000
    st_gid = 1000
    st_rdev = 0
    st_size = 4096
    st_blksize = 4096
    st_blocks = 8
    st_atime = 0x5a6f0bd2
    st_mtime = 0x5a6f0b99
    st_ctime = 0x5a6f0b99

bb_readdir(path="/", buf=0x00000b70, filler=0x0ec57ce0, offset=0, fi=0x0e463c80)
    readdir returned 0x0x7f0700000d30
calling filler with name ..
calling filler with name bogus.txt
calling filler with name .
    fi:
    flags = 0x00000000
    fh_old = 0x7f0700000d00
    writepage = 0
    direct_io = 0
    keep_cache = 0
    fh = 0x00007f0700000d00
    lock_owner = 0x0000000000000000

bb_releasedir(path="/", fi=0x0e463c90)
    fi:
    flags = 0x00000000
    fh_old = 0x7f0700000d00
    writepage = 0

bb_opendir(path="/", fi=0x0dc62c80)
    bb_fullpath:  rootdir = "/home/aadarsh/fuse/nmsu/fuse-tutorial-2017-10-03/example/rootdir", path = "/", fpath = "/home/aadarsh/fuse/nmsu/fuse-tutorial-2017-10-03/example/rootdir/"
    direct_io = 0
    keep_cache = 0
    fh = 0x00007f0700000d00
    opendir returned 0x0x7f0700008d40
    fi:
    lock_owner = 0x0000000000000000
    flags = 0x00018800
    fh_old = 0x00000000
    writepage = 0
    direct_io = 0
    keep_cache = 0
    fh = 0x00007f0700008d40
    lock_owner = 0x0000000000000000

bb_getattr(path="/", statbuf=0x0d461c60)
    bb_fullpath:  rootdir = "/home/aadarsh/fuse/nmsu/fuse-tutorial-2017-10-03/example/rootdir", path = "/", fpath = "/home/aadarsh/fuse/nmsu/fuse-tutorial-2017-10-03/example/rootdir/"
    lstat returned 0
    si:
    st_dev = 2050
    st_ino = 24691312
    st_mode = 040775
    st_nlink = 2
    st_uid = 1000
    st_gid = 1000
    st_rdev = 0
    st_size = 4096
    st_blksize = 4096
    st_blocks = 8
    st_atime = 0x5a6f0bd2
    st_mtime = 0x5a6f0b99
    st_ctime = 0x5a6f0b99

bb_readdir(path="/", buf=0x00000af0, filler=0x0ec57ce0, offset=0, fi=0x0e463c80)
    readdir returned 0x0x7f0700008d70
calling filler with name ..
calling filler with name bogus.txt
calling filler with name .
    fi:
    flags = 0x00000000
    fh_old = 0x7f0700008d40
    writepage = 0
    direct_io = 0
    keep_cache = 0
    fh = 0x00007f0700008d40
    lock_owner = 0x0000000000000000

bb_releasedir(path="/", fi=0x0e463c90)
    fi:
    flags = 0x00000000
    fh_old = 0x7f0700008d40
    writepage = 0
    direct_io = 0
    keep_cache = 0
    fh = 0x00007f0700008d40

bb_opendir(path="/", fi=0x0dc62c80)
    bb_fullpath:  rootdir = "/home/aadarsh/fuse/nmsu/fuse-tutorial-2017-10-03/example/rootdir", path = "/", fpath = "/home/aadarsh/fuse/nmsu/fuse-tutorial-2017-10-03/example/rootdir/"
    lock_owner = 0x0000000000000000
    opendir returned 0x0x7f0700000d00
    fi:
    flags = 0x00018800
    fh_old = 0x00000000
    writepage = 0
    direct_io = 0
    keep_cache = 0
    fh = 0x00007f0700000d00
    lock_owner = 0x0000000000000000

bb_getattr(path="/", statbuf=0x0d461c60)
    bb_fullpath:  rootdir = "/home/aadarsh/fuse/nmsu/fuse-tutorial-2017-10-03/example/rootdir", path = "/", fpath = "/home/aadarsh/fuse/nmsu/fuse-tutorial-2017-10-03/example/rootdir/"
    lstat returned 0
    si:
    st_dev = 2050
    st_ino = 24691312
    st_mode = 040775
    st_nlink = 2
    st_uid = 1000
    st_gid = 1000
    st_rdev = 0
    st_size = 4096
    st_blksize = 4096
    st_blocks = 8
    st_atime = 0x5a6f0bd2
    st_mtime = 0x5a6f0b99
    st_ctime = 0x5a6f0b99

bb_readdir(path="/", buf=0x00000b70, filler=0x0ec57ce0, offset=0, fi=0x0e463c80)
    readdir returned 0x0x7f0700000d30
calling filler with name ..
calling filler with name bogus.txt
calling filler with name .
    fi:
    flags = 0x00000000
    fh_old = 0x7f0700000d00
    writepage = 0
    direct_io = 0
    keep_cache = 0
    fh = 0x00007f0700000d00
    lock_owner = 0x0000000000000000

bb_releasedir(path="/", fi=0x0e463c90)
    fi:
    flags = 0x00000000
    fh_old = 0x7f0700000d00
    writepage = 0
    direct_io = 0
    keep_cache = 0
    fh = 0x00007f0700000d00

bb_opendir(path="/", fi=0x0dc62c80)
    bb_fullpath:  rootdir = "/home/aadarsh/fuse/nmsu/fuse-tutorial-2017-10-03/example/rootdir", path = "/", fpath = "/home/aadarsh/fuse/nmsu/fuse-tutorial-2017-10-03/example/rootdir/"
    lock_owner = 0x0000000000000000
    opendir returned 0x0x7f0700008d40
    fi:
    flags = 0x00018800
    fh_old = 0x00000000
    writepage = 0
    direct_io = 0
    keep_cache = 0
    fh = 0x00007f0700008d40
    lock_owner = 0x0000000000000000

bb_getattr(path="/", statbuf=0x0d461c60)
    bb_fullpath:  rootdir = "/home/aadarsh/fuse/nmsu/fuse-tutorial-2017-10-03/example/rootdir", path = "/", fpath = "/home/aadarsh/fuse/nmsu/fuse-tutorial-2017-10-03/example/rootdir/"
    lstat returned 0
    si:
    st_dev = 2050
    st_ino = 24691312
    st_mode = 040775
    st_nlink = 2
    st_uid = 1000
    st_gid = 1000
    st_rdev = 0
    st_size = 4096
    st_blksize = 4096
    st_blocks = 8
    st_atime = 0x5a6f0bd2
    st_mtime = 0x5a6f0b99
    st_ctime = 0x5a6f0b99

bb_readdir(path="/", buf=0x00000af0, filler=0x0ec57ce0, offset=0, fi=0x0e463c80)
    readdir returned 0x0x7f0700008d70
calling filler with name ..
calling filler with name bogus.txt
calling filler with name .
    fi:
    flags = 0x00000000
    fh_old = 0x7f0700008d40
    writepage = 0
    direct_io = 0
    keep_cache = 0
    fh = 0x00007f0700008d40
    lock_owner = 0x0000000000000000

bb_releasedir(path="/", fi=0x0e463c90)
    fi:
    flags = 0x00000000
    fh_old = 0x7f0700008d40
    writepage = 0
    direct_io = 0
    keep_cache = 0
    fh = 0x00007f0700008d40

bb_opendir(path="/", fi=0x0dc62c80)
    bb_fullpath:  rootdir = "/home/aadarsh/fuse/nmsu/fuse-tutorial-2017-10-03/example/rootdir", path = "/", fpath = "/home/aadarsh/fuse/nmsu/fuse-tutorial-2017-10-03/example/rootdir/"
    lock_owner = 0x0000000000000000
    opendir returned 0x0x7f0700000d00
    fi:
    flags = 0x00018800
    fh_old = 0x00000000
    writepage = 0
    direct_io = 0
    keep_cache = 0
    fh = 0x00007f0700000d00
    lock_owner = 0x0000000000000000

bb_getattr(path="/", statbuf=0x0d461c60)
    bb_fullpath:  rootdir = "/home/aadarsh/fuse/nmsu/fuse-tutorial-2017-10-03/example/rootdir", path = "/", fpath = "/home/aadarsh/fuse/nmsu/fuse-tutorial-2017-10-03/example/rootdir/"
    lstat returned 0
    si:
    st_dev = 2050
    st_ino = 24691312
    st_mode = 040775
    st_nlink = 2
    st_uid = 1000
    st_gid = 1000
    st_rdev = 0
    st_size = 4096
    st_blksize = 4096
    st_blocks = 8
    st_atime = 0x5a6f0bd2
    st_mtime = 0x5a6f0b99
    st_ctime = 0x5a6f0b99

bb_readdir(path="/", buf=0x00000b70, filler=0x0ec57ce0, offset=0, fi=0x0e463c80)
    readdir returned 0x0x7f0700000d30
calling filler with name ..
calling filler with name bogus.txt
calling filler with name .
    fi:
    flags = 0x00000000
    fh_old = 0x7f0700000d00
    writepage = 0
    direct_io = 0
    keep_cache = 0
    fh = 0x00007f0700000d00
    lock_owner = 0x0000000000000000

bb_releasedir(path="/", fi=0x0e463c90)
    fi:
    flags = 0x00000000
    fh_old = 0x7f0700000d00
    writepage = 0
    direct_io = 0
    keep_cache = 0
    fh = 0x00007f0700000d00
    lock_owner = 0x0000000000000000

bb_opendir(path="/", fi=0x0dc62c80)
    bb_fullpath:  rootdir = "/home/aadarsh/fuse/nmsu/fuse-tutorial-2017-10-03/example/rootdir", path = "/", fpath = "/home/aadarsh/fuse/nmsu/fuse-tutorial-2017-10-03/example/rootdir/"
    opendir returned 0x0x7f0700000d00
    fi:
    flags = 0x00018800
    fh_old = 0x00000000
    writepage = 0
    direct_io = 0
    keep_cache = 0
    fh = 0x00007f0700000d00
    lock_owner = 0x0000000000000000

bb_getattr(path="/", statbuf=0x0d461c60)
    bb_fullpath:  rootdir = "/home/aadarsh/fuse/nmsu/fuse-tutorial-2017-10-03/example/rootdir", path = "/", fpath = "/home/aadarsh/fuse/nmsu/fuse-tutorial-2017-10-03/example/rootdir/"
    lstat returned 0
    si:
    st_dev = 2050
    st_ino = 24691312
    st_mode = 040775
    st_nlink = 2
    st_uid = 1000
    st_gid = 1000
    st_rdev = 0
    st_size = 4096
    st_blksize = 4096
    st_blocks = 8
    st_atime = 0x5a6f0bd2
    st_mtime = 0x5a6f0b99
    st_ctime = 0x5a6f0b99

bb_readdir(path="/", buf=0x00000b70, filler=0x0ec57ce0, offset=0, fi=0x0e463c80)
    readdir returned 0x0x7f0700000d30
calling filler with name ..
calling filler with name bogus.txt
calling filler with name .
    fi:
    flags = 0x00000000
    fh_old = 0x7f0700000d00
    writepage = 0
    direct_io = 0
    keep_cache = 0
    fh = 0x00007f0700000d00
    lock_owner = 0x0000000000000000

bb_releasedir(path="/", fi=0x0e463c90)
    fi:
    flags = 0x00000000
    fh_old = 0x7f0700000d00
    writepage = 0
    direct_io = 0
    keep_cache = 0
    fh = 0x00007f0700000d00
    lock_owner = 0x0000000000000000

bb_opendir(path="/", fi=0x0dc62c80)
    bb_fullpath:  rootdir = "/home/aadarsh/fuse/nmsu/fuse-tutorial-2017-10-03/example/rootdir", path = "/", fpath = "/home/aadarsh/fuse/nmsu/fuse-tutorial-2017-10-03/example/rootdir/"
    opendir returned 0x0x7f0700000d00
    fi:
    flags = 0x00018800
    fh_old = 0x00000000
    writepage = 0
    direct_io = 0
    keep_cache = 0
    fh = 0x00007f0700000d00
    lock_owner = 0x0000000000000000

bb_getattr(path="/", statbuf=0x0d461c60)
    bb_fullpath:  rootdir = "/home/aadarsh/fuse/nmsu/fuse-tutorial-2017-10-03/example/rootdir", path = "/", fpath = "/home/aadarsh/fuse/nmsu/fuse-tutorial-2017-10-03/example/rootdir/"
    lstat returned 0
    si:
    st_dev = 2050
    st_ino = 24691312
    st_mode = 040775
    st_nlink = 2
    st_uid = 1000
    st_gid = 1000
    st_rdev = 0
    st_size = 4096
    st_blksize = 4096
    st_blocks = 8
    st_atime = 0x5a6f0bd2
    st_mtime = 0x5a6f0b99
    st_ctime = 0x5a6f0b99

bb_readdir(path="/", buf=0x00000af0, filler=0x0ec57ce0, offset=0, fi=0x0e463c80)
    readdir returned 0x0x7f0700000d30
calling filler with name ..
calling filler with name bogus.txt
calling filler with name .
    fi:
    flags = 0x00000000
    fh_old = 0x7f0700000d00
    writepage = 0
    direct_io = 0
    keep_cache = 0
    fh = 0x00007f0700000d00
    lock_owner = 0x0000000000000000

bb_releasedir(path="/", fi=0x0e463c90)
    fi:
    flags = 0x00000000
    fh_old = 0x7f0700000d00
    writepage = 0
    direct_io = 0
    keep_cache = 0
    fh = 0x00007f0700000d00
    lock_owner = 0x0000000000000000

bb_opendir(path="/", fi=0x0dc62c80)
    bb_fullpath:  rootdir = "/home/aadarsh/fuse/nmsu/fuse-tutorial-2017-10-03/example/rootdir", path = "/", fpath = "/home/aadarsh/fuse/nmsu/fuse-tutorial-2017-10-03/example/rootdir/"
    opendir returned 0x0x7f0700000d00
    fi:
    flags = 0x00018800
    fh_old = 0x00000000
    writepage = 0
    direct_io = 0
    keep_cache = 0
    fh = 0x00007f0700000d00
    lock_owner = 0x0000000000000000

bb_getattr(path="/", statbuf=0x0d461c60)
    bb_fullpath:  rootdir = "/home/aadarsh/fuse/nmsu/fuse-tutorial-2017-10-03/example/rootdir", path = "/", fpath = "/home/aadarsh/fuse/nmsu/fuse-tutorial-2017-10-03/example/rootdir/"
    lstat returned 0
    si:
    st_dev = 2050
    st_ino = 24691312
    st_mode = 040775
    st_nlink = 2
    st_uid = 1000
    st_gid = 1000
    st_rdev = 0
    st_size = 4096
    st_blksize = 4096
    st_blocks = 8
    st_atime = 0x5a6f0bd2
    st_mtime = 0x5a6f0b99
    st_ctime = 0x5a6f0b99

bb_readdir(path="/", buf=0x00000b70, filler=0x0ec57ce0, offset=0, fi=0x0e463c80)
    readdir returned 0x0x7f0700000d30
calling filler with name ..
calling filler with name bogus.txt
calling filler with name .
    fi:
    flags = 0x00000000
    fh_old = 0x7f0700000d00
    writepage = 0
    direct_io = 0
    keep_cache = 0
    fh = 0x00007f0700000d00
    lock_owner = 0x0000000000000000

bb_releasedir(path="/", fi=0x0e463c90)
    fi:
    flags = 0x00000000
    fh_old = 0x7f0700000d00
    writepage = 0
    direct_io = 0
    keep_cache = 0
    fh = 0x00007f0700000d00
    lock_owner = 0x0000000000000000

bb_opendir(path="/", fi=0x0dc62c80)
    bb_fullpath:  rootdir = "/home/aadarsh/fuse/nmsu/fuse-tutorial-2017-10-03/example/rootdir", path = "/", fpath = "/home/aadarsh/fuse/nmsu/fuse-tutorial-2017-10-03/example/rootdir/"
    opendir returned 0x0x7f0700000d00
    fi:
    flags = 0x00018800
    fh_old = 0x00000000
    writepage = 0
    direct_io = 0
    keep_cache = 0
    fh = 0x00007f0700000d00
    lock_owner = 0x0000000000000000

bb_getattr(path="/", statbuf=0x0d461c60)
    bb_fullpath:  rootdir = "/home/aadarsh/fuse/nmsu/fuse-tutorial-2017-10-03/example/rootdir", path = "/", fpath = "/home/aadarsh/fuse/nmsu/fuse-tutorial-2017-10-03/example/rootdir/"
    lstat returned 0
    si:
    st_dev = 2050
    st_ino = 24691312
    st_mode = 040775
    st_nlink = 2
    st_uid = 1000
    st_gid = 1000
    st_rdev = 0
    st_size = 4096
    st_blksize = 4096
    st_blocks = 8
    st_atime = 0x5a6f0bd2
    st_mtime = 0x5a6f0b99
    st_ctime = 0x5a6f0b99

bb_readdir(path="/", buf=0x00000b70, filler=0x0ec57ce0, offset=0, fi=0x0e463c80)
    readdir returned 0x0x7f0700000d30
calling filler with name ..
calling filler with name bogus.txt
calling filler with name .
    fi:
    flags = 0x00000000
    fh_old = 0x7f0700000d00
    writepage = 0
    direct_io = 0
    keep_cache = 0
    fh = 0x00007f0700000d00
    lock_owner = 0x0000000000000000

bb_releasedir(path="/", fi=0x0e463c90)
    fi:
    flags = 0x00000000
    fh_old = 0x7f0700000d00
    writepage = 0
    direct_io = 0
    keep_cache = 0
    fh = 0x00007f0700000d00
    lock_owner = 0x0000000000000000

bb_getattr(path="/autorun.inf", statbuf=0x0dc62c90)
    bb_fullpath:  rootdir = "/home/aadarsh/fuse/nmsu/fuse-tutorial-2017-10-03/example/rootdir", path = "/autorun.inf", fpath = "/home/aadarsh/fuse/nmsu/fuse-tutorial-2017-10-03/example/rootdir/autorun.inf"
    lstat returned -1
    ERROR lstat: No such file or directory
    si:
    st_dev = 0
    st_ino = 0
    st_mode = 00
    st_nlink = 0
    st_uid = 0
    st_gid = 0
    st_rdev = 0
    st_size = 0
    st_blksize = 0
    st_blocks = 0
    st_atime = 0x00000000
    st_mtime = 0x00000000
    st_ctime = 0x00000000

bb_getattr(path="/", statbuf=0x0d461c60)
    bb_fullpath:  rootdir = "/home/aadarsh/fuse/nmsu/fuse-tutorial-2017-10-03/example/rootdir", path = "/", fpath = "/home/aadarsh/fuse/nmsu/fuse-tutorial-2017-10-03/example/rootdir/"
    lstat returned 0
    si:
    st_dev = 2050
    st_ino = 24691312
    st_mode = 040775
    st_nlink = 2
    st_uid = 1000
    st_gid = 1000
    st_rdev = 0
    st_size = 4096
    st_blksize = 4096
    st_blocks = 8
    st_atime = 0x5a6f0bd2
    st_mtime = 0x5a6f0b99
    st_ctime = 0x5a6f0b99

bb_getxattr(path = "/", name = "security.selinux", value = 0x08001b00, size = 255)
    bb_fullpath:  rootdir = "/home/aadarsh/fuse/nmsu/fuse-tutorial-2017-10-03/example/rootdir", path = "/", fpath = "/home/aadarsh/fuse/nmsu/fuse-tutorial-2017-10-03/example/rootdir/"
    lgetxattr returned -1
    ERROR lgetxattr: No data available

bb_getxattr(path = "/", name = "system.posix_acl_access", value = 0x00000000, size = 0)
    bb_fullpath:  rootdir = "/home/aadarsh/fuse/nmsu/fuse-tutorial-2017-10-03/example/rootdir", path = "/", fpath = "/home/aadarsh/fuse/nmsu/fuse-tutorial-2017-10-03/example/rootdir/"
    lgetxattr returned -1
    ERROR lgetxattr: No data available

bb_getxattr(path = "/", name = "system.posix_acl_default", value = 0x00000000, size = 0)
    bb_fullpath:  rootdir = "/home/aadarsh/fuse/nmsu/fuse-tutorial-2017-10-03/example/rootdir", path = "/", fpath = "/home/aadarsh/fuse/nmsu/fuse-tutorial-2017-10-03/example/rootdir/"
    lgetxattr returned -1
    ERROR lgetxattr: No data available

bb_getattr(path="/", statbuf=0x0e463c60)
    bb_fullpath:  rootdir = "/home/aadarsh/fuse/nmsu/fuse-tutorial-2017-10-03/example/rootdir", path = "/", fpath = "/home/aadarsh/fuse/nmsu/fuse-tutorial-2017-10-03/example/rootdir/"
    lstat returned 0
    si:
    st_dev = 2050
    st_ino = 24691312
    st_mode = 040775
    st_nlink = 2
    st_uid = 1000
    st_gid = 1000
    st_rdev = 0
    st_size = 4096
    st_blksize = 4096
    st_blocks = 8
    st_atime = 0x5a6f0bd2
    st_mtime = 0x5a6f0b99
    st_ctime = 0x5a6f0b99

bb_getxattr(path = "/", name = "security.selinux", value = 0x00000af0, size = 255)
    bb_fullpath:  rootdir = "/home/aadarsh/fuse/nmsu/fuse-tutorial-2017-10-03/example/rootdir", path = "/", fpath = "/home/aadarsh/fuse/nmsu/fuse-tutorial-2017-10-03/example/rootdir/"
    lgetxattr returned -1
    ERROR lgetxattr: No data available

bb_getxattr(path = "/", name = "system.posix_acl_access", value = 0x00000000, size = 0)
    bb_fullpath:  rootdir = "/home/aadarsh/fuse/nmsu/fuse-tutorial-2017-10-03/example/rootdir", path = "/", fpath = "/home/aadarsh/fuse/nmsu/fuse-tutorial-2017-10-03/example/rootdir/"
    lgetxattr returned -1
    ERROR lgetxattr: No data available

bb_getxattr(path = "/", name = "system.posix_acl_default", value = 0x00000000, size = 0)
    bb_fullpath:  rootdir = "/home/aadarsh/fuse/nmsu/fuse-tutorial-2017-10-03/example/rootdir", path = "/", fpath = "/home/aadarsh/fuse/nmsu/fuse-tutorial-2017-10-03/example/rootdir/"
    lgetxattr returned -1
    ERROR lgetxattr: No data available

bb_opendir(path="/", fi=0x0dc62c80)
    bb_fullpath:  rootdir = "/home/aadarsh/fuse/nmsu/fuse-tutorial-2017-10-03/example/rootdir", path = "/", fpath = "/home/aadarsh/fuse/nmsu/fuse-tutorial-2017-10-03/example/rootdir/"
    opendir returned 0x0x7f0700000c80
    fi:
    flags = 0x00018800
    fh_old = 0x00000000
    writepage = 0
    direct_io = 0
    keep_cache = 0
    fh = 0x00007f0700000c80
    lock_owner = 0x0000000000000000

bb_readdir(path="/", buf=0x00000af0, filler=0x0ec57ce0, offset=0, fi=0x0d461c80)
    readdir returned 0x0x7f0700000cb0
calling filler with name ..
calling filler with name bogus.txt
calling filler with name .
    fi:
    flags = 0x00000000
    fh_old = 0x7f0700000c80
    writepage = 0
    direct_io = 0
    keep_cache = 0
    fh = 0x00007f0700000c80
    lock_owner = 0x0000000000000000

bb_getattr(path="/bogus.txt", statbuf=0x0e463c90)
    bb_fullpath:  rootdir = "/home/aadarsh/fuse/nmsu/fuse-tutorial-2017-10-03/example/rootdir", path = "/bogus.txt", fpath = "/home/aadarsh/fuse/nmsu/fuse-tutorial-2017-10-03/example/rootdir/bogus.txt"
    lstat returned 0
    si:
    st_dev = 2050
    st_ino = 24691313
    st_mode = 0100664
    st_nlink = 1
    st_uid = 1000
    st_gid = 1000
    st_rdev = 0
    st_size = 11
    st_blksize = 4096
    st_blocks = 8
    st_atime = 0x5a6f0bd5
    st_mtime = 0x5a6f0b99
    st_ctime = 0x5a6f0b99

bb_getxattr(path = "/bogus.txt", name = "security.selinux", value = 0x00000b70, size = 255)
    bb_fullpath:  rootdir = "/home/aadarsh/fuse/nmsu/fuse-tutorial-2017-10-03/example/rootdir", path = "/bogus.txt", fpath = "/home/aadarsh/fuse/nmsu/fuse-tutorial-2017-10-03/example/rootdir/bogus.txt"
    lgetxattr returned -1
    ERROR lgetxattr: No data available

bb_getxattr(path = "/bogus.txt", name = "system.posix_acl_access", value = 0x00000000, size = 0)
    bb_fullpath:  rootdir = "/home/aadarsh/fuse/nmsu/fuse-tutorial-2017-10-03/example/rootdir", path = "/bogus.txt", fpath = "/home/aadarsh/fuse/nmsu/fuse-tutorial-2017-10-03/example/rootdir/bogus.txt"
    lgetxattr returned -1
    ERROR lgetxattr: No data available

bb_releasedir(path="/", fi=0x0dc62c90)
    fi:
    flags = 0x00000000
    fh_old = 0x7f0700000c80
    writepage = 0
    direct_io = 0
    keep_cache = 0
    fh = 0x00007f0700000c80
    lock_owner = 0x0000000000000000

bb_getattr(path="/", statbuf=0x0d461c60)
    bb_fullpath:  rootdir = "/home/aadarsh/fuse/nmsu/fuse-tutorial-2017-10-03/example/rootdir", path = "/", fpath = "/home/aadarsh/fuse/nmsu/fuse-tutorial-2017-10-03/example/rootdir/"
    lstat returned 0
    si:
    st_dev = 2050
    st_ino = 24691312
    st_mode = 040775
    st_nlink = 2
    st_uid = 1000
    st_gid = 1000
    st_rdev = 0
    st_size = 4096
    st_blksize = 4096
    st_blocks = 8
    st_atime = 0x5a6f0bd2
    st_mtime = 0x5a6f0b99
    st_ctime = 0x5a6f0b99

bb_getxattr(path = "/", name = "security.selinux", value = 0x08001b00, size = 255)
    bb_fullpath:  rootdir = "/home/aadarsh/fuse/nmsu/fuse-tutorial-2017-10-03/example/rootdir", path = "/", fpath = "/home/aadarsh/fuse/nmsu/fuse-tutorial-2017-10-03/example/rootdir/"
    lgetxattr returned -1
    ERROR lgetxattr: No data available

bb_getxattr(path = "/", name = "system.posix_acl_access", value = 0x00000000, size = 0)
    bb_fullpath:  rootdir = "/home/aadarsh/fuse/nmsu/fuse-tutorial-2017-10-03/example/rootdir", path = "/", fpath = "/home/aadarsh/fuse/nmsu/fuse-tutorial-2017-10-03/example/rootdir/"
    lgetxattr returned -1
    ERROR lgetxattr: No data available

bb_getxattr(path = "/", name = "system.posix_acl_default", value = 0x00000000, size = 0)
    bb_fullpath:  rootdir = "/home/aadarsh/fuse/nmsu/fuse-tutorial-2017-10-03/example/rootdir", path = "/", fpath = "/home/aadarsh/fuse/nmsu/fuse-tutorial-2017-10-03/example/rootdir/"
    lgetxattr returned -1
    ERROR lgetxattr: No data available

bb_opendir(path="/", fi=0x0e463c80)
    bb_fullpath:  rootdir = "/home/aadarsh/fuse/nmsu/fuse-tutorial-2017-10-03/example/rootdir", path = "/", fpath = "/home/aadarsh/fuse/nmsu/fuse-tutorial-2017-10-03/example/rootdir/"
    opendir returned 0x0x7f0708001c90
    fi:
    flags = 0x00018800
    fh_old = 0x00000000
    writepage = 0
    direct_io = 0
    keep_cache = 0
    fh = 0x00007f0708001c90
    lock_owner = 0x0000000000000000

bb_readdir(path="/", buf=0x08001b00, filler=0x0ec57ce0, offset=0, fi=0x0dc62c80)
    readdir returned 0x0x7f0708001cc0
calling filler with name ..
calling filler with name bogus.txt
calling filler with name .
    fi:
    flags = 0x00000000
    fh_old = 0x7f0708001c90
    writepage = 0
    direct_io = 0
    keep_cache = 0
    fh = 0x00007f0708001c90
    lock_owner = 0x0000000000000000

bb_getattr(path="/bogus.txt", statbuf=0x0d461c90)
    bb_fullpath:  rootdir = "/home/aadarsh/fuse/nmsu/fuse-tutorial-2017-10-03/example/rootdir", path = "/bogus.txt", fpath = "/home/aadarsh/fuse/nmsu/fuse-tutorial-2017-10-03/example/rootdir/bogus.txt"
    lstat returned 0
    si:
    st_dev = 2050
    st_ino = 24691313
    st_mode = 0100664
    st_nlink = 1
    st_uid = 1000
    st_gid = 1000
    st_rdev = 0
    st_size = 11
    st_blksize = 4096
    st_blocks = 8
    st_atime = 0x5a6f0bd5
    st_mtime = 0x5a6f0b99
    st_ctime = 0x5a6f0b99

bb_getxattr(path = "/bogus.txt", name = "security.selinux", value = 0x08001b80, size = 255)
    bb_fullpath:  rootdir = "/home/aadarsh/fuse/nmsu/fuse-tutorial-2017-10-03/example/rootdir", path = "/bogus.txt", fpath = "/home/aadarsh/fuse/nmsu/fuse-tutorial-2017-10-03/example/rootdir/bogus.txt"
    lgetxattr returned -1
    ERROR lgetxattr: No data available

bb_getxattr(path = "/bogus.txt", name = "system.posix_acl_access", value = 0x00000000, size = 0)
    bb_fullpath:  rootdir = "/home/aadarsh/fuse/nmsu/fuse-tutorial-2017-10-03/example/rootdir", path = "/bogus.txt", fpath = "/home/aadarsh/fuse/nmsu/fuse-tutorial-2017-10-03/example/rootdir/bogus.txt"
    lgetxattr returned -1
    ERROR lgetxattr: No data available

bb_releasedir(path="/", fi=0x0e463c90)
    fi:
    flags = 0x00000000
    fh_old = 0x7f0708001c90
    writepage = 0
    direct_io = 0
    keep_cache = 0
    fh = 0x00007f0708001c90
    lock_owner = 0x0000000000000000

bb_getattr(path="/", statbuf=0x0dc62c60)
    bb_fullpath:  rootdir = "/home/aadarsh/fuse/nmsu/fuse-tutorial-2017-10-03/example/rootdir", path = "/", fpath = "/home/aadarsh/fuse/nmsu/fuse-tutorial-2017-10-03/example/rootdir/"
    lstat returned 0
    si:
    st_dev = 2050
    st_ino = 24691312
    st_mode = 040775
    st_nlink = 2
    st_uid = 1000
    st_gid = 1000
    st_rdev = 0
    st_size = 4096
    st_blksize = 4096
    st_blocks = 8
    st_atime = 0x5a6f0bd2
    st_mtime = 0x5a6f0b99
    st_ctime = 0x5a6f0b99

bb_getattr(path="/", statbuf=0x0d461c60)
    bb_fullpath:  rootdir = "/home/aadarsh/fuse/nmsu/fuse-tutorial-2017-10-03/example/rootdir", path = "/", fpath = "/home/aadarsh/fuse/nmsu/fuse-tutorial-2017-10-03/example/rootdir/"
    lstat returned 0
    si:
    st_dev = 2050
    st_ino = 24691312
    st_mode = 040775
    st_nlink = 2
    st_uid = 1000
    st_gid = 1000
    st_rdev = 0
    st_size = 4096
    st_blksize = 4096
    st_blocks = 8
    st_atime = 0x5a6f0bd2
    st_mtime = 0x5a6f0b99
    st_ctime = 0x5a6f0b99

bb_getattr(path="/", statbuf=0x0e463c60)
    bb_fullpath:  rootdir = "/home/aadarsh/fuse/nmsu/fuse-tutorial-2017-10-03/example/rootdir", path = "/", fpath = "/home/aadarsh/fuse/nmsu/fuse-tutorial-2017-10-03/example/rootdir/"
    lstat returned 0
    si:
    st_dev = 2050
    st_ino = 24691312
    st_mode = 040775
    st_nlink = 2
    st_uid = 1000
    st_gid = 1000
    st_rdev = 0
    st_size = 4096
    st_blksize = 4096
    st_blocks = 8
    st_atime = 0x5a6f0bd2
    st_mtime = 0x5a6f0b99
    st_ctime = 0x5a6f0b99

bb_opendir(path="/", fi=0x0dc62c80)
    bb_fullpath:  rootdir = "/home/aadarsh/fuse/nmsu/fuse-tutorial-2017-10-03/example/rootdir", path = "/", fpath = "/home/aadarsh/fuse/nmsu/fuse-tutorial-2017-10-03/example/rootdir/"
    opendir returned 0x0x7f0700000c80
    fi:
    flags = 0x00038800
    fh_old = 0x00000000
    writepage = 0
    direct_io = 0
    keep_cache = 0
    fh = 0x00007f0700000c80
    lock_owner = 0x0000000000000000

bb_readdir(path="/", buf=0x00000af0, filler=0x0ec57ce0, offset=0, fi=0x0d461c80)
    readdir returned 0x0x7f0700000cb0
calling filler with name ..
calling filler with name bogus.txt
calling filler with name .
    fi:
    flags = 0x00000000
    fh_old = 0x7f0700000c80
    writepage = 0
    direct_io = 0
    keep_cache = 0
    fh = 0x00007f0700000c80
    lock_owner = 0x0000000000000000

bb_statfs(path="/", statv=0x0dc62c40)
    bb_fullpath:  rootdir = "/home/aadarsh/fuse/nmsu/fuse-tutorial-2017-10-03/example/rootdir", path = "/", fpath = "/home/aadarsh/fuse/nmsu/fuse-tutorial-2017-10-03/example/rootdir/"
    statvfs returned 0
    sv:
    f_bsize = 4096
    f_frsize = 4096
    f_blocks = 118496467
    f_bfree = 104657060
    f_bavail = 98631845
    f_files = 30164400
    f_ffree = 29767178
    f_favail = 29767178
    f_fsid = 769382257835953018
    f_flag = 0x00001000
    f_namemax = 255

bb_getattr(path="/bogus.txt", statbuf=0x0d461c90)
    bb_fullpath:  rootdir = "/home/aadarsh/fuse/nmsu/fuse-tutorial-2017-10-03/example/rootdir", path = "/bogus.txt", fpath = "/home/aadarsh/fuse/nmsu/fuse-tutorial-2017-10-03/example/rootdir/bogus.txt"
    lstat returned 0
    si:
    st_dev = 2050
    st_ino = 24691313
    st_mode = 0100664
    st_nlink = 1
    st_uid = 1000
    st_gid = 1000
    st_rdev = 0
    st_size = 11
    st_blksize = 4096
    st_blocks = 8
    st_atime = 0x5a6f0bd5
    st_mtime = 0x5a6f0b99
    st_ctime = 0x5a6f0b99

bb_open(path"/bogus.txt", fi=0x0e463d40)
    bb_fullpath:  rootdir = "/home/aadarsh/fuse/nmsu/fuse-tutorial-2017-10-03/example/rootdir", path = "/bogus.txt", fpath = "/home/aadarsh/fuse/nmsu/fuse-tutorial-2017-10-03/example/rootdir/bogus.txt"
    open returned 6
    fi:
    flags = 0x00028800
    fh_old = 0x00000000
    writepage = 0
    direct_io = 0
    keep_cache = 0
    fh = 0x0000000000000006
    lock_owner = 0x0000000000000000

bb_read(path="/bogus.txt", buf=0x04000f00, size=4096, offset=0, fi=0x0d461d40)
    fi:
    flags = 0x00028800
    fh_old = 0x00000006
    writepage = 0
    direct_io = 0
    keep_cache = 0
    fh = 0x0000000000000006
    lock_owner = 0x0000000000000000
    pread returned 11

bb_fgetattr(path="/bogus.txt", statbuf=0x0e463c60, fi=0x0e463d40)
    fi:
    flags = 0x00000000
    fh_old = 0x00000006
    writepage = 0
    direct_io = 0
    keep_cache = 0
    fh = 0x0000000000000006
    lock_owner = 0x0000000000000000
    si:
    st_dev = 2050
    st_ino = 24691313
    st_mode = 0100664
    st_nlink = 1
    st_uid = 1000
    st_gid = 1000
    st_rdev = 0
    st_size = 11
    st_blksize = 4096
    st_blocks = 8
    st_atime = 0x5a6f0bd5
    st_mtime = 0x5a6f0b99
    st_ctime = 0x5a6f0b99

bb_flush(path="/bogus.txt", fi=0x0dc62d40)
    fi:
    flags = 0x00000000
    fh_old = 0x00000006
    writepage = 0
    direct_io = 0
    keep_cache = 0
    fh = 0x0000000000000006
    lock_owner = 0x10e939fd289b3a2c

bb_release(path="/bogus.txt", fi=0x0d461d40)
    fi:
    flags = 0x00028800
    fh_old = 0x00000006
    writepage = 0
    direct_io = 0
    keep_cache = 0
    fh = 0x0000000000000006
    lock_owner = 0x0000000000000000
    close returned 0

bb_releasedir(path="/", fi=0x0d461c90)
    fi:
    flags = 0x00000000
    fh_old = 0x7f0700000c80
    writepage = 0
    direct_io = 0
    keep_cache = 0
    fh = 0x00007f0700000c80
    lock_owner = 0x0000000000000000

bb_opendir(path="/", fi=0x0dc62c80)
    bb_fullpath:  rootdir = "/home/aadarsh/fuse/nmsu/fuse-tutorial-2017-10-03/example/rootdir", path = "/", fpath = "/home/aadarsh/fuse/nmsu/fuse-tutorial-2017-10-03/example/rootdir/"
    opendir returned 0x0x7f0700000c80
    fi:
    flags = 0x00008000
    fh_old = 0x00000000
    writepage = 0
    direct_io = 0
    keep_cache = 0
    fh = 0x00007f0700000c80
    lock_owner = 0x0000000000000000

bb_getattr(path="/", statbuf=0x0d461c60)
    bb_fullpath:  rootdir = "/home/aadarsh/fuse/nmsu/fuse-tutorial-2017-10-03/example/rootdir", path = "/", fpath = "/home/aadarsh/fuse/nmsu/fuse-tutorial-2017-10-03/example/rootdir/"
    lstat returned 0
    si:
    st_dev = 2050
    st_ino = 24691312
    st_mode = 040775
    st_nlink = 2
    st_uid = 1000
    st_gid = 1000
    st_rdev = 0
    st_size = 4096
    st_blksize = 4096
    st_blocks = 8
    st_atime = 0x5a6f0bd2
    st_mtime = 0x5a6f0b99
    st_ctime = 0x5a6f0b99

bb_releasedir(path="/", fi=0x0e463c90)
    fi:
    flags = 0x00000000
    fh_old = 0x7f0700000c80
    writepage = 0

bb_opendir(path="/", fi=0x0dc62c80)
    bb_fullpath:  rootdir = "/home/aadarsh/fuse/nmsu/fuse-tutorial-2017-10-03/example/rootdir", path = "/", fpath = "/home/aadarsh/fuse/nmsu/fuse-tutorial-2017-10-03/example/rootdir/"
    direct_io = 0
    keep_cache = 0
    fh = 0x00007f0700000c80
    lock_owner = 0x0000000000000000
    opendir returned 0x0x7f0700008dd0
    fi:
    flags = 0x00018800
    fh_old = 0x00000000
    writepage = 0
    direct_io = 0
    keep_cache = 0
    fh = 0x00007f0700008dd0
    lock_owner = 0x0000000000000000

bb_readdir(path="/", buf=0x00000b70, filler=0x0ec57ce0, offset=0, fi=0x0d461c80)
    readdir returned 0x0x7f0700008e00
calling filler with name ..
calling filler with name bogus.txt
calling filler with name .
    fi:
    flags = 0x00000000
    fh_old = 0x7f0700008dd0
    writepage = 0
    direct_io = 0
    keep_cache = 0
    fh = 0x00007f0700008dd0
    lock_owner = 0x0000000000000000

bb_statfs(path="/", statv=0x0dc62c40)
    bb_fullpath:  rootdir = "/home/aadarsh/fuse/nmsu/fuse-tutorial-2017-10-03/example/rootdir", path = "/", fpath = "/home/aadarsh/fuse/nmsu/fuse-tutorial-2017-10-03/example/rootdir/"
    statvfs returned 0
    sv:
    f_bsize = 4096
    f_frsize = 4096
    f_blocks = 118496467
    f_bfree = 104657059
    f_bavail = 98631844
    f_files = 30164400
    f_ffree = 29767178
    f_favail = 29767178
    f_fsid = 769382257835953018
    f_flag = 0x00001000
    f_namemax = 255

bb_getattr(path="/bogus.txt", statbuf=0x0d461c90)
    bb_fullpath:  rootdir = "/home/aadarsh/fuse/nmsu/fuse-tutorial-2017-10-03/example/rootdir", path = "/bogus.txt", fpath = "/home/aadarsh/fuse/nmsu/fuse-tutorial-2017-10-03/example/rootdir/bogus.txt"
    lstat returned 0
    si:
    st_dev = 2050
    st_ino = 24691313
    st_mode = 0100664
    st_nlink = 1
    st_uid = 1000
    st_gid = 1000
    st_rdev = 0
    st_size = 11
    st_blksize = 4096
    st_blocks = 8
    st_atime = 0x5a6f0bd5
    st_mtime = 0x5a6f0b99
    st_ctime = 0x5a6f0b99

bb_open(path"/bogus.txt", fi=0x0e463d40)
    bb_fullpath:  rootdir = "/home/aadarsh/fuse/nmsu/fuse-tutorial-2017-10-03/example/rootdir", path = "/bogus.txt", fpath = "/home/aadarsh/fuse/nmsu/fuse-tutorial-2017-10-03/example/rootdir/bogus.txt"
    open returned 5
    fi:
    flags = 0x00028800
    fh_old = 0x00000000
    writepage = 0
    direct_io = 0
    keep_cache = 0
    fh = 0x0000000000000005
    lock_owner = 0x0000000000000000

bb_read(path="/bogus.txt", buf=0x04000f00, size=4096, offset=0, fi=0x0d461d40)
    fi:
    flags = 0x00028800
    fh_old = 0x00000005
    writepage = 0
    direct_io = 0
    keep_cache = 0
    fh = 0x0000000000000005
    lock_owner = 0x0000000000000000
    pread returned 11

bb_fgetattr(path="/bogus.txt", statbuf=0x0e463c60, fi=0x0e463d40)
    fi:
    flags = 0x00000000
    fh_old = 0x00000005
    writepage = 0
    direct_io = 0
    keep_cache = 0
    fh = 0x0000000000000005
    lock_owner = 0x0000000000000000
    si:
    st_dev = 2050
    st_ino = 24691313
    st_mode = 0100664
    st_nlink = 1
    st_uid = 1000
    st_gid = 1000
    st_rdev = 0
    st_size = 11
    st_blksize = 4096
    st_blocks = 8
    st_atime = 0x5a6f0bd5
    st_mtime = 0x5a6f0b99
    st_ctime = 0x5a6f0b99

bb_flush(path="/bogus.txt", fi=0x0dc62d40)
    fi:
    flags = 0x00000000
    fh_old = 0x00000005
    writepage = 0
    direct_io = 0
    keep_cache = 0
    fh = 0x0000000000000005
    lock_owner = 0x023ca3db83de7996

bb_release(path="/bogus.txt", fi=0x0d461d40)
    fi:
    flags = 0x00028800
    fh_old = 0x00000005
    writepage = 0
    direct_io = 0
    keep_cache = 0
    fh = 0x0000000000000005
    lock_owner = 0x0000000000000000
    close returned 0

bb_releasedir(path="/", fi=0x0e463c90)
    fi:
    flags = 0x00000000
    fh_old = 0x7f0700008dd0
    writepage = 0
    direct_io = 0
    keep_cache = 0
    fh = 0x00007f0700008dd0
    lock_owner = 0x0000000000000000

bb_getattr(path="/", statbuf=0x0dc62c60)
    bb_fullpath:  rootdir = "/home/aadarsh/fuse/nmsu/fuse-tutorial-2017-10-03/example/rootdir", path = "/", fpath = "/home/aadarsh/fuse/nmsu/fuse-tutorial-2017-10-03/example/rootdir/"
    lstat returned 0
    si:
    st_dev = 2050
    st_ino = 24691312
    st_mode = 040775
    st_nlink = 2
    st_uid = 1000
    st_gid = 1000
    st_rdev = 0
    st_size = 4096
    st_blksize = 4096
    st_blocks = 8
    st_atime = 0x5a6f0bd2
    st_mtime = 0x5a6f0b99
    st_ctime = 0x5a6f0b99

bb_destroy(userdata=0x01671010)
